<?xml version="1.0" encoding="UTF-8"?>
<testsuite xmlns:xsi="http://www.w3.org/2001/XMLSchema-instance" xsi:noNamespaceSchemaLocation="https://maven.apache.org/surefire/maven-surefire-plugin/xsd/surefire-test-report.xsd" name="checkout.RunCukesTest" time="23.343" tests="6" errors="1" skipped="1" failures="2">
  <properties>
    <property name="sun.desktop" value="gnome"/>
    <property name="awt.toolkit" value="sun.awt.X11.XToolkit"/>
    <property name="file.encoding.pkg" value="sun.io"/>
    <property name="java.specification.version" value="1.8"/>
    <property name="sun.cpu.isalist" value=""/>
    <property name="sun.jnu.encoding" value="UTF-8"/>
    <property name="java.class.path" value="/home/qa/cucumber/bank/target/test-classes:/home/qa/cucumber/bank/target/classes:/home/qa/.m2/repository/info/cukes/cucumber-core/1.2.5/cucumber-core-1.2.5.jar:/home/qa/.m2/repository/info/cukes/cucumber-html/0.2.3/cucumber-html-0.2.3.jar:/home/qa/.m2/repository/info/cukes/cucumber-jvm-deps/1.0.5/cucumber-jvm-deps-1.0.5.jar:/home/qa/.m2/repository/info/cukes/gherkin/2.12.2/gherkin-2.12.2.jar:/home/qa/.m2/repository/info/cukes/cucumber-java/1.2.5/cucumber-java-1.2.5.jar:/home/qa/.m2/repository/info/cukes/cucumber-junit/1.2.5/cucumber-junit-1.2.5.jar:/home/qa/.m2/repository/junit/junit/4.12/junit-4.12.jar:/home/qa/.m2/repository/org/hamcrest/hamcrest-core/1.3/hamcrest-core-1.3.jar:/home/qa/.m2/repository/info/cukes/cucumber-picocontainer/1.2.5/cucumber-picocontainer-1.2.5.jar:/home/qa/.m2/repository/org/picocontainer/picocontainer/2.14.3/picocontainer-2.14.3.jar:/home/qa/.m2/repository/org/eclipse/jetty/jetty-webapp/9.3.0.M2/jetty-webapp-9.3.0.M2.jar:/home/qa/.m2/repository/org/eclipse/jetty/jetty-xml/9.3.0.M2/jetty-xml-9.3.0.M2.jar:/home/qa/.m2/repository/org/eclipse/jetty/jetty-util/9.3.0.M2/jetty-util-9.3.0.M2.jar:/home/qa/.m2/repository/org/eclipse/jetty/jetty-servlet/9.3.0.M2/jetty-servlet-9.3.0.M2.jar:/home/qa/.m2/repository/org/eclipse/jetty/jetty-security/9.3.0.M2/jetty-security-9.3.0.M2.jar:/home/qa/.m2/repository/org/eclipse/jetty/jetty-server/9.3.0.M2/jetty-server-9.3.0.M2.jar:/home/qa/.m2/repository/javax/servlet/javax.servlet-api/3.1.0/javax.servlet-api-3.1.0.jar:/home/qa/.m2/repository/org/eclipse/jetty/jetty-http/9.3.0.M2/jetty-http-9.3.0.M2.jar:/home/qa/.m2/repository/org/eclipse/jetty/jetty-io/9.3.0.M2/jetty-io-9.3.0.M2.jar:/home/qa/.m2/repository/org/seleniumhq/selenium/selenium-java/3.13.0/selenium-java-3.13.0.jar:/home/qa/.m2/repository/org/seleniumhq/selenium/selenium-api/3.13.0/selenium-api-3.13.0.jar:/home/qa/.m2/repository/org/seleniumhq/selenium/selenium-chrome-driver/3.13.0/selenium-chrome-driver-3.13.0.jar:/home/qa/.m2/repository/org/seleniumhq/selenium/selenium-edge-driver/3.13.0/selenium-edge-driver-3.13.0.jar:/home/qa/.m2/repository/org/seleniumhq/selenium/selenium-firefox-driver/3.13.0/selenium-firefox-driver-3.13.0.jar:/home/qa/.m2/repository/org/seleniumhq/selenium/selenium-ie-driver/3.13.0/selenium-ie-driver-3.13.0.jar:/home/qa/.m2/repository/org/seleniumhq/selenium/selenium-opera-driver/3.13.0/selenium-opera-driver-3.13.0.jar:/home/qa/.m2/repository/org/seleniumhq/selenium/selenium-remote-driver/3.13.0/selenium-remote-driver-3.13.0.jar:/home/qa/.m2/repository/org/seleniumhq/selenium/selenium-safari-driver/3.13.0/selenium-safari-driver-3.13.0.jar:/home/qa/.m2/repository/org/seleniumhq/selenium/selenium-support/3.13.0/selenium-support-3.13.0.jar:/home/qa/.m2/repository/net/bytebuddy/byte-buddy/1.8.3/byte-buddy-1.8.3.jar:/home/qa/.m2/repository/org/apache/commons/commons-exec/1.3/commons-exec-1.3.jar:/home/qa/.m2/repository/commons-codec/commons-codec/1.10/commons-codec-1.10.jar:/home/qa/.m2/repository/commons-logging/commons-logging/1.2/commons-logging-1.2.jar:/home/qa/.m2/repository/com/google/code/gson/gson/2.8.4/gson-2.8.4.jar:/home/qa/.m2/repository/com/google/guava/guava/25.0-jre/guava-25.0-jre.jar:/home/qa/.m2/repository/com/google/code/findbugs/jsr305/1.3.9/jsr305-1.3.9.jar:/home/qa/.m2/repository/org/checkerframework/checker-compat-qual/2.0.0/checker-compat-qual-2.0.0.jar:/home/qa/.m2/repository/com/google/errorprone/error_prone_annotations/2.1.3/error_prone_annotations-2.1.3.jar:/home/qa/.m2/repository/com/google/j2objc/j2objc-annotations/1.1/j2objc-annotations-1.1.jar:/home/qa/.m2/repository/org/codehaus/mojo/animal-sniffer-annotations/1.14/animal-sniffer-annotations-1.14.jar:/home/qa/.m2/repository/org/apache/httpcomponents/httpclient/4.5.5/httpclient-4.5.5.jar:/home/qa/.m2/repository/org/apache/httpcomponents/httpcore/4.4.9/httpcore-4.4.9.jar:/home/qa/.m2/repository/com/squareup/okhttp3/okhttp/3.10.0/okhttp-3.10.0.jar:/home/qa/.m2/repository/com/squareup/okio/okio/1.14.1/okio-1.14.1.jar:/home/qa/.m2/repository/io/github/bonigarcia/webdrivermanager/2.2.4/webdrivermanager-2.2.4.jar:/home/qa/.m2/repository/org/slf4j/slf4j-api/1.7.25/slf4j-api-1.7.25.jar:/home/qa/.m2/repository/commons-io/commons-io/2.6/commons-io-2.6.jar:/home/qa/.m2/repository/org/apache/commons/commons-lang3/3.7/commons-lang3-3.7.jar:/home/qa/.m2/repository/org/rauschig/jarchivelib/0.8.0/jarchivelib-0.8.0.jar:/home/qa/.m2/repository/org/apache/commons/commons-compress/1.14/commons-compress-1.14.jar:/home/qa/.m2/repository/org/jsoup/jsoup/1.11.3/jsoup-1.11.3.jar:/home/qa/.m2/repository/org/javalite/activejdbc/1.4.1/activejdbc-1.4.1.jar:/home/qa/.m2/repository/org/javalite/javalite-common/1.4.1/javalite-common-1.4.1.jar:/home/qa/.m2/repository/mysql/mysql-connector-java/5.1.27/mysql-connector-java-5.1.27.jar:"/>
    <property name="java.vm.vendor" value="Oracle Corporation"/>
    <property name="sun.arch.data.model" value="64"/>
    <property name="java.vendor.url" value="http://java.oracle.com/"/>
    <property name="user.timezone" value=""/>
    <property name="java.vm.specification.version" value="1.8"/>
    <property name="os.name" value="Linux"/>
    <property name="user.country" value="US"/>
    <property name="sun.java.launcher" value="SUN_STANDARD"/>
    <property name="sun.boot.library.path" value="/usr/lib/jvm/java-8-oracle/jre/lib/amd64"/>
    <property name="sun.java.command" value="/home/qa/cucumber/bank/target/surefire/surefirebooter5547480676378184918.jar /home/qa/cucumber/bank/target/surefire 2018-08-03T13-18-03_888-jvmRun1 surefire797144168521637610tmp surefire_06182742158161120183tmp"/>
    <property name="surefire.test.class.path" value="/home/qa/cucumber/bank/target/test-classes:/home/qa/cucumber/bank/target/classes:/home/qa/.m2/repository/info/cukes/cucumber-core/1.2.5/cucumber-core-1.2.5.jar:/home/qa/.m2/repository/info/cukes/cucumber-html/0.2.3/cucumber-html-0.2.3.jar:/home/qa/.m2/repository/info/cukes/cucumber-jvm-deps/1.0.5/cucumber-jvm-deps-1.0.5.jar:/home/qa/.m2/repository/info/cukes/gherkin/2.12.2/gherkin-2.12.2.jar:/home/qa/.m2/repository/info/cukes/cucumber-java/1.2.5/cucumber-java-1.2.5.jar:/home/qa/.m2/repository/info/cukes/cucumber-junit/1.2.5/cucumber-junit-1.2.5.jar:/home/qa/.m2/repository/junit/junit/4.12/junit-4.12.jar:/home/qa/.m2/repository/org/hamcrest/hamcrest-core/1.3/hamcrest-core-1.3.jar:/home/qa/.m2/repository/info/cukes/cucumber-picocontainer/1.2.5/cucumber-picocontainer-1.2.5.jar:/home/qa/.m2/repository/org/picocontainer/picocontainer/2.14.3/picocontainer-2.14.3.jar:/home/qa/.m2/repository/org/eclipse/jetty/jetty-webapp/9.3.0.M2/jetty-webapp-9.3.0.M2.jar:/home/qa/.m2/repository/org/eclipse/jetty/jetty-xml/9.3.0.M2/jetty-xml-9.3.0.M2.jar:/home/qa/.m2/repository/org/eclipse/jetty/jetty-util/9.3.0.M2/jetty-util-9.3.0.M2.jar:/home/qa/.m2/repository/org/eclipse/jetty/jetty-servlet/9.3.0.M2/jetty-servlet-9.3.0.M2.jar:/home/qa/.m2/repository/org/eclipse/jetty/jetty-security/9.3.0.M2/jetty-security-9.3.0.M2.jar:/home/qa/.m2/repository/org/eclipse/jetty/jetty-server/9.3.0.M2/jetty-server-9.3.0.M2.jar:/home/qa/.m2/repository/javax/servlet/javax.servlet-api/3.1.0/javax.servlet-api-3.1.0.jar:/home/qa/.m2/repository/org/eclipse/jetty/jetty-http/9.3.0.M2/jetty-http-9.3.0.M2.jar:/home/qa/.m2/repository/org/eclipse/jetty/jetty-io/9.3.0.M2/jetty-io-9.3.0.M2.jar:/home/qa/.m2/repository/org/seleniumhq/selenium/selenium-java/3.13.0/selenium-java-3.13.0.jar:/home/qa/.m2/repository/org/seleniumhq/selenium/selenium-api/3.13.0/selenium-api-3.13.0.jar:/home/qa/.m2/repository/org/seleniumhq/selenium/selenium-chrome-driver/3.13.0/selenium-chrome-driver-3.13.0.jar:/home/qa/.m2/repository/org/seleniumhq/selenium/selenium-edge-driver/3.13.0/selenium-edge-driver-3.13.0.jar:/home/qa/.m2/repository/org/seleniumhq/selenium/selenium-firefox-driver/3.13.0/selenium-firefox-driver-3.13.0.jar:/home/qa/.m2/repository/org/seleniumhq/selenium/selenium-ie-driver/3.13.0/selenium-ie-driver-3.13.0.jar:/home/qa/.m2/repository/org/seleniumhq/selenium/selenium-opera-driver/3.13.0/selenium-opera-driver-3.13.0.jar:/home/qa/.m2/repository/org/seleniumhq/selenium/selenium-remote-driver/3.13.0/selenium-remote-driver-3.13.0.jar:/home/qa/.m2/repository/org/seleniumhq/selenium/selenium-safari-driver/3.13.0/selenium-safari-driver-3.13.0.jar:/home/qa/.m2/repository/org/seleniumhq/selenium/selenium-support/3.13.0/selenium-support-3.13.0.jar:/home/qa/.m2/repository/net/bytebuddy/byte-buddy/1.8.3/byte-buddy-1.8.3.jar:/home/qa/.m2/repository/org/apache/commons/commons-exec/1.3/commons-exec-1.3.jar:/home/qa/.m2/repository/commons-codec/commons-codec/1.10/commons-codec-1.10.jar:/home/qa/.m2/repository/commons-logging/commons-logging/1.2/commons-logging-1.2.jar:/home/qa/.m2/repository/com/google/code/gson/gson/2.8.4/gson-2.8.4.jar:/home/qa/.m2/repository/com/google/guava/guava/25.0-jre/guava-25.0-jre.jar:/home/qa/.m2/repository/com/google/code/findbugs/jsr305/1.3.9/jsr305-1.3.9.jar:/home/qa/.m2/repository/org/checkerframework/checker-compat-qual/2.0.0/checker-compat-qual-2.0.0.jar:/home/qa/.m2/repository/com/google/errorprone/error_prone_annotations/2.1.3/error_prone_annotations-2.1.3.jar:/home/qa/.m2/repository/com/google/j2objc/j2objc-annotations/1.1/j2objc-annotations-1.1.jar:/home/qa/.m2/repository/org/codehaus/mojo/animal-sniffer-annotations/1.14/animal-sniffer-annotations-1.14.jar:/home/qa/.m2/repository/org/apache/httpcomponents/httpclient/4.5.5/httpclient-4.5.5.jar:/home/qa/.m2/repository/org/apache/httpcomponents/httpcore/4.4.9/httpcore-4.4.9.jar:/home/qa/.m2/repository/com/squareup/okhttp3/okhttp/3.10.0/okhttp-3.10.0.jar:/home/qa/.m2/repository/com/squareup/okio/okio/1.14.1/okio-1.14.1.jar:/home/qa/.m2/repository/io/github/bonigarcia/webdrivermanager/2.2.4/webdrivermanager-2.2.4.jar:/home/qa/.m2/repository/org/slf4j/slf4j-api/1.7.25/slf4j-api-1.7.25.jar:/home/qa/.m2/repository/commons-io/commons-io/2.6/commons-io-2.6.jar:/home/qa/.m2/repository/org/apache/commons/commons-lang3/3.7/commons-lang3-3.7.jar:/home/qa/.m2/repository/org/rauschig/jarchivelib/0.8.0/jarchivelib-0.8.0.jar:/home/qa/.m2/repository/org/apache/commons/commons-compress/1.14/commons-compress-1.14.jar:/home/qa/.m2/repository/org/jsoup/jsoup/1.11.3/jsoup-1.11.3.jar:/home/qa/.m2/repository/org/javalite/activejdbc/1.4.1/activejdbc-1.4.1.jar:/home/qa/.m2/repository/org/javalite/javalite-common/1.4.1/javalite-common-1.4.1.jar:/home/qa/.m2/repository/mysql/mysql-connector-java/5.1.27/mysql-connector-java-5.1.27.jar:"/>
    <property name="sun.cpu.endian" value="little"/>
    <property name="user.home" value="/home/qa"/>
    <property name="user.language" value="en"/>
    <property name="java.specification.vendor" value="Oracle Corporation"/>
    <property name="java.home" value="/usr/lib/jvm/java-8-oracle/jre"/>
    <property name="basedir" value="/home/qa/cucumber/bank"/>
    <property name="file.separator" value="/"/>
    <property name="line.separator" value="&#10;"/>
    <property name="java.vm.specification.vendor" value="Oracle Corporation"/>
    <property name="java.specification.name" value="Java Platform API Specification"/>
    <property name="java.awt.graphicsenv" value="sun.awt.X11GraphicsEnvironment"/>
    <property name="surefire.real.class.path" value="/home/qa/cucumber/bank/target/surefire/surefirebooter5547480676378184918.jar"/>
    <property name="sun.boot.class.path" value="/usr/lib/jvm/java-8-oracle/jre/lib/resources.jar:/usr/lib/jvm/java-8-oracle/jre/lib/rt.jar:/usr/lib/jvm/java-8-oracle/jre/lib/sunrsasign.jar:/usr/lib/jvm/java-8-oracle/jre/lib/jsse.jar:/usr/lib/jvm/java-8-oracle/jre/lib/jce.jar:/usr/lib/jvm/java-8-oracle/jre/lib/charsets.jar:/usr/lib/jvm/java-8-oracle/jre/lib/jfr.jar:/usr/lib/jvm/java-8-oracle/jre/classes"/>
    <property name="sun.management.compiler" value="HotSpot 64-Bit Tiered Compilers"/>
    <property name="java.runtime.version" value="1.8.0_181-b13"/>
    <property name="user.name" value="qa"/>
    <property name="path.separator" value=":"/>
    <property name="os.version" value="4.15.0-29-generic"/>
    <property name="java.endorsed.dirs" value="/usr/lib/jvm/java-8-oracle/jre/lib/endorsed"/>
    <property name="java.runtime.name" value="Java(TM) SE Runtime Environment"/>
    <property name="file.encoding" value="UTF-8"/>
    <property name="java.vm.name" value="Java HotSpot(TM) 64-Bit Server VM"/>
    <property name="localRepository" value="/home/qa/.m2/repository"/>
    <property name="java.vendor.url.bug" value="http://bugreport.sun.com/bugreport/"/>
    <property name="java.io.tmpdir" value="/tmp"/>
    <property name="java.version" value="1.8.0_181"/>
    <property name="user.dir" value="/home/qa/cucumber/bank"/>
    <property name="os.arch" value="amd64"/>
    <property name="java.vm.specification.name" value="Java Virtual Machine Specification"/>
    <property name="java.awt.printerjob" value="sun.print.PSPrinterJob"/>
    <property name="sun.os.patch.level" value="unknown"/>
    <property name="java.library.path" value="/usr/java/packages/lib/amd64:/usr/lib64:/lib64:/lib:/usr/lib"/>
    <property name="java.vm.info" value="mixed mode"/>
    <property name="java.vendor" value="Oracle Corporation"/>
    <property name="java.vm.version" value="25.181-b13"/>
    <property name="java.ext.dirs" value="/usr/lib/jvm/java-8-oracle/jre/lib/ext:/usr/java/packages/lib/ext"/>
    <property name="sun.io.unicode.encoding" value="UnicodeLittle"/>
    <property name="java.class.version" value="52.0"/>
  </properties>
  <testcase name="Given my account has been credited with $100.00" classname="Scenario: Successful withdrawal from an account in credit" time="0.004"/>
  <testcase name="When I withdraw $20" classname="Scenario: Successful withdrawal from an account in credit" time="0"/>
  <testcase name="Then $20 should be dispensed" classname="Scenario: Successful withdrawal from an account in credit" time="0.009">
    <failure message="Incorrect amount dispensed - expected:&lt;20&gt; but was:&lt;0&gt;" type="java.lang.AssertionError"><![CDATA[java.lang.AssertionError: Incorrect amount dispensed - expected:<20> but was:<0>
]]></failure>
  </testcase>
  <testcase name="Scenario: Successful withdrawal from an account in credit" classname="Scenario: Successful withdrawal from an account in credit" time="0.009">
    <failure message="Incorrect amount dispensed - expected:&lt;20&gt; but was:&lt;0&gt;" type="java.lang.AssertionError"><![CDATA[java.lang.AssertionError: Incorrect amount dispensed - expected:<20> but was:<0>
]]></failure>
  </testcase>
  <testcase name="Scenario: Successful withdrawal from an account in credit" classname="Scenario: Successful withdrawal from an account in credit" time="0.014">
    <error message="Can&apos;t call rollback when autocommit=true" type="org.javalite.activejdbc.DBException">org.javalite.activejdbc.DBException: Can't call rollback when autocommit=true
Caused by: com.mysql.jdbc.exceptions.jdbc4.MySQLNonTransientConnectionException: Can't call rollback when autocommit=true
</error>
  </testcase>
  <testcase name="And the balance of my account should be $80.00" classname="Scenario: Successful withdrawal from an account in credit" time="0">
    <skipped/>
  </testcase>
</testsuite>